0 verbose cli [
0 verbose cli   '/home/test/local/node-v16.15.0-linux-x64/bin/node',
0 verbose cli   '/home/test/local/node-v16.15.0-linux-x64/bin/npm',
0 verbose cli   'init',
0 verbose cli   '-y'
0 verbose cli ]
1 info using npm@8.5.5
2 info using node@v16.15.0
3 timing npm:load:whichnode Completed in 0ms
4 timing config:load:defaults Completed in 2ms
5 timing config:load:file:/home/test/local/node-v16.15.0-linux-x64/lib/node_modules/npm/npmrc Completed in 14ms
6 timing config:load:builtin Completed in 14ms
7 timing config:load:cli Completed in 3ms
8 timing config:load:env Completed in 1ms
9 timing config:load:project Completed in 6ms
10 timing config:load:file:/home/test/.npmrc Completed in 0ms
11 timing config:load:user Completed in 0ms
12 timing config:load:file:/home/test/local/node-v16.15.0-linux-x64/etc/npmrc Completed in 0ms
13 timing config:load:global Completed in 1ms
14 timing config:load:validate Completed in 0ms
15 timing config:load:credentials Completed in 1ms
16 timing config:load:setEnvs Completed in 1ms
17 timing config:load Completed in 29ms
18 timing npm:load:configload Completed in 29ms
19 timing npm:load:setTitle Completed in 1ms
20 timing config:load:flatten Completed in 3ms
21 timing npm:load:display Completed in 5ms
22 verbose logfile /home/test/.npm/_logs/2024-01-22T12_59_37_777Z-debug-0.log
23 timing npm:load:logFile Completed in 6ms
24 timing npm:load:timers Completed in 0ms
25 timing npm:load:configScope Completed in 0ms
26 timing npm:load Completed in 42ms
27 silly package data {
27 silly package data   name: 'test',
27 silly package data   version: '1.0.0',
27 silly package data   description: '',
27 silly package data   main: 'index.js',
27 silly package data   scripts: { test: 'echo "Error: no test specified" && exit 1' },
27 silly package data   keywords: [],
27 silly package data   author: '',
27 silly package data   license: 'ISC'
27 silly package data }
28 info init written successfully
29 timing command:init Completed in 53ms
30 verbose exit 0
31 timing npm Completed in 321ms
32 info ok
