0 verbose cli [
0 verbose cli   '/home/test/local/node-v16.15.0-linux-x64/bin/node',
0 verbose cli   '/home/test/local/node-v16.15.0-linux-x64/bin/npm',
0 verbose cli   'i',
0 verbose cli   'express'
0 verbose cli ]
1 info using npm@8.5.5
2 info using node@v16.15.0
3 timing npm:load:whichnode Completed in 0ms
4 timing config:load:defaults Completed in 2ms
5 timing config:load:file:/home/test/local/node-v16.15.0-linux-x64/lib/node_modules/npm/npmrc Completed in 15ms
6 timing config:load:builtin Completed in 15ms
7 timing config:load:cli Completed in 2ms
8 timing config:load:env Completed in 0ms
9 timing config:load:project Completed in 6ms
10 timing config:load:file:/home/test/.npmrc Completed in 0ms
11 timing config:load:user Completed in 1ms
12 timing config:load:file:/home/test/local/node-v16.15.0-linux-x64/etc/npmrc Completed in 0ms
13 timing config:load:global Completed in 0ms
14 timing config:load:validate Completed in 0ms
15 timing config:load:credentials Completed in 1ms
16 timing config:load:setEnvs Completed in 1ms
17 timing config:load Completed in 29ms
18 timing npm:load:configload Completed in 30ms
19 timing npm:load:setTitle Completed in 0ms
20 timing config:load:flatten Completed in 3ms
21 timing npm:load:display Completed in 5ms
22 verbose logfile /home/test/.npm/_logs/2024-01-22T12_59_47_881Z-debug-0.log
23 timing npm:load:logFile Completed in 6ms
24 timing npm:load:timers Completed in 0ms
25 timing npm:load:configScope Completed in 0ms
26 timing npm:load Completed in 41ms
27 timing arborist:ctor Completed in 1ms
28 timing arborist:ctor Completed in 0ms
29 timing idealTree:init Completed in 18ms
30 timing idealTree:userRequests Completed in 2ms
31 silly idealTree buildDeps
32 silly fetch manifest express@*
33 http fetch GET 200 https://registry.npmjs.org/express 70ms (cache miss)
34 silly placeDep ROOT express@4.18.2 OK for: test@1.0.0 want: *
35 silly fetch manifest accepts@~1.3.8
36 silly fetch manifest array-flatten@1.1.1
37 silly fetch manifest body-parser@1.20.1
38 silly fetch manifest content-disposition@0.5.4
39 silly fetch manifest content-type@~1.0.4
40 silly fetch manifest cookie@0.5.0
41 silly fetch manifest cookie-signature@1.0.6
42 silly fetch manifest debug@2.6.9
43 silly fetch manifest depd@2.0.0
44 silly fetch manifest encodeurl@~1.0.2
45 silly fetch manifest escape-html@~1.0.3
46 silly fetch manifest etag@~1.8.1
47 silly fetch manifest finalhandler@1.2.0
48 silly fetch manifest fresh@0.5.2
49 silly fetch manifest http-errors@2.0.0
50 silly fetch manifest merge-descriptors@1.0.1
51 silly fetch manifest methods@~1.1.2
52 silly fetch manifest on-finished@2.4.1
53 silly fetch manifest parseurl@~1.3.3
54 silly fetch manifest path-to-regexp@0.1.7
55 silly fetch manifest proxy-addr@~2.0.7
56 silly fetch manifest qs@6.11.0
57 silly fetch manifest range-parser@~1.2.1
58 silly fetch manifest safe-buffer@5.2.1
59 silly fetch manifest send@0.18.0
60 silly fetch manifest serve-static@1.15.0
61 silly fetch manifest setprototypeof@1.2.0
62 silly fetch manifest statuses@2.0.1
63 silly fetch manifest type-is@~1.6.18
64 silly fetch manifest utils-merge@1.0.1
65 silly fetch manifest vary@~1.1.2
66 http fetch GET 200 https://registry.npmjs.org/array-flatten 101ms (cache miss)
67 http fetch GET 200 https://registry.npmjs.org/accepts 102ms (cache miss)
68 http fetch GET 200 https://registry.npmjs.org/merge-descriptors 245ms (cache miss)
69 http fetch GET 200 https://registry.npmjs.org/methods 247ms (cache miss)
70 http fetch GET 200 https://registry.npmjs.org/content-disposition 267ms (cache miss)
71 http fetch GET 200 https://registry.npmjs.org/on-finished 265ms (cache miss)
72 http fetch GET 200 https://registry.npmjs.org/parseurl 265ms (cache miss)
73 http fetch GET 200 https://registry.npmjs.org/content-type 275ms (cache miss)
74 http fetch GET 200 https://registry.npmjs.org/encodeurl 273ms (cache miss)
75 http fetch GET 200 https://registry.npmjs.org/escape-html 272ms (cache miss)
76 http fetch GET 200 https://registry.npmjs.org/fresh 272ms (cache miss)
77 http fetch GET 200 https://registry.npmjs.org/etag 274ms (cache miss)
78 http fetch GET 200 https://registry.npmjs.org/utils-merge 262ms (cache miss)
79 http fetch GET 200 https://registry.npmjs.org/finalhandler 276ms (cache miss)
80 http fetch GET 200 https://registry.npmjs.org/cookie-signature 281ms (cache miss)
81 http fetch GET 200 https://registry.npmjs.org/depd 280ms (cache miss)
82 http fetch GET 200 https://registry.npmjs.org/range-parser 270ms (cache miss)
83 http fetch GET 200 https://registry.npmjs.org/vary 265ms (cache miss)
84 http fetch GET 200 https://registry.npmjs.org/cookie 284ms (cache miss)
85 http fetch GET 200 https://registry.npmjs.org/setprototypeof 270ms (cache miss)
86 http fetch GET 200 https://registry.npmjs.org/safe-buffer 275ms (cache miss)
87 http fetch GET 200 https://registry.npmjs.org/statuses 273ms (cache miss)
88 http fetch GET 200 https://registry.npmjs.org/http-errors 286ms (cache miss)
89 http fetch GET 200 https://registry.npmjs.org/proxy-addr 283ms (cache miss)
90 http fetch GET 200 https://registry.npmjs.org/type-is 276ms (cache miss)
91 http fetch GET 200 https://registry.npmjs.org/send 282ms (cache miss)
92 http fetch GET 200 https://registry.npmjs.org/serve-static 284ms (cache miss)
93 http fetch GET 200 https://registry.npmjs.org/body-parser 302ms (cache miss)
94 http fetch GET 200 https://registry.npmjs.org/path-to-regexp 294ms (cache miss)
95 http fetch GET 200 https://registry.npmjs.org/debug 302ms (cache miss)
96 http fetch GET 200 https://registry.npmjs.org/qs 297ms (cache miss)
97 timing idealTree:#root Completed in 398ms
98 silly placeDep ROOT accepts@1.3.8 OK for: express@4.18.2 want: ~1.3.8
99 silly placeDep ROOT array-flatten@1.1.1 OK for: express@4.18.2 want: 1.1.1
100 silly placeDep ROOT body-parser@1.20.1 OK for: express@4.18.2 want: 1.20.1
101 silly placeDep ROOT content-disposition@0.5.4 OK for: express@4.18.2 want: 0.5.4
102 silly placeDep ROOT content-type@1.0.5 OK for: express@4.18.2 want: ~1.0.4
103 silly placeDep ROOT cookie@0.5.0 OK for: express@4.18.2 want: 0.5.0
104 silly placeDep ROOT cookie-signature@1.0.6 OK for: express@4.18.2 want: 1.0.6
105 silly placeDep ROOT debug@2.6.9 OK for: express@4.18.2 want: 2.6.9
106 silly placeDep ROOT depd@2.0.0 OK for: express@4.18.2 want: 2.0.0
107 silly placeDep ROOT encodeurl@1.0.2 OK for: express@4.18.2 want: ~1.0.2
108 silly placeDep ROOT escape-html@1.0.3 OK for: express@4.18.2 want: ~1.0.3
109 silly placeDep ROOT etag@1.8.1 OK for: express@4.18.2 want: ~1.8.1
110 silly placeDep ROOT finalhandler@1.2.0 OK for: express@4.18.2 want: 1.2.0
111 silly placeDep ROOT fresh@0.5.2 OK for: express@4.18.2 want: 0.5.2
112 silly placeDep ROOT http-errors@2.0.0 OK for: express@4.18.2 want: 2.0.0
113 silly placeDep ROOT merge-descriptors@1.0.1 OK for: express@4.18.2 want: 1.0.1
114 silly placeDep ROOT methods@1.1.2 OK for: express@4.18.2 want: ~1.1.2
115 silly placeDep ROOT on-finished@2.4.1 OK for: express@4.18.2 want: 2.4.1
116 silly placeDep ROOT parseurl@1.3.3 OK for: express@4.18.2 want: ~1.3.3
117 silly placeDep ROOT path-to-regexp@0.1.7 OK for: express@4.18.2 want: 0.1.7
118 silly placeDep ROOT proxy-addr@2.0.7 OK for: express@4.18.2 want: ~2.0.7
119 silly placeDep ROOT qs@6.11.0 OK for: express@4.18.2 want: 6.11.0
120 silly placeDep ROOT range-parser@1.2.1 OK for: express@4.18.2 want: ~1.2.1
121 silly placeDep ROOT safe-buffer@5.2.1 OK for: express@4.18.2 want: 5.2.1
122 silly placeDep ROOT send@0.18.0 OK for: express@4.18.2 want: 0.18.0
123 silly placeDep ROOT serve-static@1.15.0 OK for: express@4.18.2 want: 1.15.0
124 silly placeDep ROOT setprototypeof@1.2.0 OK for: express@4.18.2 want: 1.2.0
125 silly placeDep ROOT statuses@2.0.1 OK for: express@4.18.2 want: 2.0.1
126 silly placeDep ROOT type-is@1.6.18 OK for: express@4.18.2 want: ~1.6.18
127 silly placeDep ROOT utils-merge@1.0.1 OK for: express@4.18.2 want: 1.0.1
128 silly placeDep ROOT vary@1.1.2 OK for: express@4.18.2 want: ~1.1.2
129 silly fetch manifest mime-types@~2.1.34
130 silly fetch manifest negotiator@0.6.3
131 silly fetch manifest bytes@3.1.2
132 silly fetch manifest destroy@1.2.0
133 silly fetch manifest iconv-lite@0.4.24
134 silly fetch manifest raw-body@2.5.1
135 silly fetch manifest unpipe@1.0.0
136 silly fetch manifest ms@2.0.0
137 silly fetch manifest unpipe@~1.0.0
138 silly fetch manifest inherits@2.0.4
139 silly fetch manifest toidentifier@1.0.1
140 silly fetch manifest ee-first@1.1.1
141 silly fetch manifest forwarded@0.2.0
142 silly fetch manifest ipaddr.js@1.9.1
143 silly fetch manifest side-channel@^1.0.4
144 silly fetch manifest mime@1.6.0
145 silly fetch manifest ms@2.1.3
146 silly fetch manifest media-typer@0.3.0
147 silly fetch manifest mime-types@~2.1.24
148 http fetch GET 200 https://registry.npmjs.org/npm 654ms (cache miss)
149 http fetch GET 200 https://registry.npmjs.org/ee-first 187ms (cache miss)
150 http fetch GET 200 https://registry.npmjs.org/unpipe 204ms (cache miss)
151 http fetch GET 200 https://registry.npmjs.org/toidentifier 203ms (cache miss)
152 http fetch GET 200 https://registry.npmjs.org/ipaddr.js 200ms (cache miss)
153 http fetch GET 200 https://registry.npmjs.org/side-channel 199ms (cache miss)
154 http fetch GET 200 https://registry.npmjs.org/destroy 210ms (cache miss)
155 http fetch GET 200 https://registry.npmjs.org/ms 207ms (cache miss)
156 http fetch GET 200 https://registry.npmjs.org/inherits 206ms (cache miss)
157 http fetch GET 200 https://registry.npmjs.org/forwarded 203ms (cache miss)
158 http fetch GET 200 https://registry.npmjs.org/bytes 214ms (cache miss)
159 http fetch GET 200 https://registry.npmjs.org/negotiator 215ms (cache miss)
160 http fetch GET 200 https://registry.npmjs.org/media-typer 203ms (cache miss)
161 http fetch GET 200 https://registry.npmjs.org/raw-body 215ms (cache miss)
162 http fetch GET 200 https://registry.npmjs.org/iconv-lite 217ms (cache miss)
163 http fetch GET 200 https://registry.npmjs.org/mime-types 221ms (cache miss)
164 http fetch GET 200 https://registry.npmjs.org/mime 208ms (cache miss)
165 timing idealTree:node_modules/express Completed in 294ms
166 silly placeDep ROOT mime-types@2.1.35 OK for: accepts@1.3.8 want: ~2.1.34
167 silly placeDep ROOT negotiator@0.6.3 OK for: accepts@1.3.8 want: 0.6.3
168 silly fetch manifest mime-db@1.52.0
169 http fetch GET 200 https://registry.npmjs.org/mime-db 39ms (cache miss)
170 timing idealTree:node_modules/accepts Completed in 43ms
171 timing idealTree:node_modules/array-flatten Completed in 0ms
172 silly placeDep ROOT bytes@3.1.2 OK for: body-parser@1.20.1 want: 3.1.2
173 silly placeDep ROOT destroy@1.2.0 OK for: body-parser@1.20.1 want: 1.2.0
174 silly placeDep ROOT iconv-lite@0.4.24 OK for: body-parser@1.20.1 want: 0.4.24
175 silly placeDep ROOT raw-body@2.5.1 OK for: body-parser@1.20.1 want: 2.5.1
176 silly placeDep ROOT unpipe@1.0.0 OK for: body-parser@1.20.1 want: 1.0.0
177 silly fetch manifest safer-buffer@>= 2.1.2 < 3
178 http fetch GET 200 https://registry.npmjs.org/safer-buffer 23ms (cache miss)
179 timing idealTree:node_modules/body-parser Completed in 32ms
180 timing idealTree:node_modules/bytes Completed in 0ms
181 timing idealTree:node_modules/content-disposition Completed in 0ms
182 timing idealTree:node_modules/content-type Completed in 0ms
183 timing idealTree:node_modules/cookie Completed in 0ms
184 timing idealTree:node_modules/cookie-signature Completed in 0ms
185 silly placeDep ROOT ms@2.0.0 OK for: debug@2.6.9 want: 2.0.0
186 timing idealTree:node_modules/debug Completed in 1ms
187 timing idealTree:node_modules/depd Completed in 0ms
188 timing idealTree:node_modules/destroy Completed in 0ms
189 timing idealTree:node_modules/encodeurl Completed in 0ms
190 timing idealTree:node_modules/escape-html Completed in 0ms
191 timing idealTree:node_modules/etag Completed in 0ms
192 timing idealTree:node_modules/finalhandler Completed in 0ms
193 timing idealTree:node_modules/fresh Completed in 0ms
194 silly placeDep ROOT inherits@2.0.4 OK for: http-errors@2.0.0 want: 2.0.4
195 silly placeDep ROOT toidentifier@1.0.1 OK for: http-errors@2.0.0 want: 1.0.1
196 timing idealTree:node_modules/http-errors Completed in 3ms
197 silly placeDep ROOT safer-buffer@2.1.2 OK for: iconv-lite@0.4.24 want: >= 2.1.2 < 3
198 timing idealTree:node_modules/iconv-lite Completed in 2ms
199 timing idealTree:node_modules/inherits Completed in 0ms
200 timing idealTree:node_modules/merge-descriptors Completed in 0ms
201 timing idealTree:node_modules/methods Completed in 0ms
202 silly placeDep ROOT mime-db@1.52.0 OK for: mime-types@2.1.35 want: 1.52.0
203 timing idealTree:node_modules/mime-types Completed in 10ms
204 timing idealTree:node_modules/mime-db Completed in 0ms
205 timing idealTree:node_modules/ms Completed in 0ms
206 timing idealTree:node_modules/negotiator Completed in 0ms
207 silly placeDep ROOT ee-first@1.1.1 OK for: on-finished@2.4.1 want: 1.1.1
208 timing idealTree:node_modules/on-finished Completed in 1ms
209 timing idealTree:node_modules/ee-first Completed in 0ms
210 timing idealTree:node_modules/parseurl Completed in 0ms
211 timing idealTree:node_modules/path-to-regexp Completed in 0ms
212 silly placeDep ROOT forwarded@0.2.0 OK for: proxy-addr@2.0.7 want: 0.2.0
213 silly placeDep ROOT ipaddr.js@1.9.1 OK for: proxy-addr@2.0.7 want: 1.9.1
214 timing idealTree:node_modules/proxy-addr Completed in 2ms
215 timing idealTree:node_modules/forwarded Completed in 0ms
216 timing idealTree:node_modules/ipaddr.js Completed in 0ms
217 silly placeDep ROOT side-channel@1.0.4 OK for: qs@6.11.0 want: ^1.0.4
218 silly fetch manifest call-bind@^1.0.0
219 silly fetch manifest get-intrinsic@^1.0.2
220 silly fetch manifest object-inspect@^1.9.0
221 http fetch GET 200 https://registry.npmjs.org/call-bind 27ms (cache miss)
222 http fetch GET 200 https://registry.npmjs.org/get-intrinsic 30ms (cache miss)
223 http fetch GET 200 https://registry.npmjs.org/object-inspect 40ms (cache miss)
224 timing idealTree:node_modules/qs Completed in 44ms
225 timing idealTree:node_modules/range-parser Completed in 0ms
226 timing idealTree:node_modules/raw-body Completed in 0ms
227 timing idealTree:node_modules/safe-buffer Completed in 0ms
228 timing idealTree:node_modules/safer-buffer Completed in 0ms
229 silly placeDep ROOT mime@1.6.0 OK for: send@0.18.0 want: 1.6.0
230 silly placeDep node_modules/send ms@2.1.3 OK for: send@0.18.0 want: 2.1.3
231 timing idealTree:node_modules/send Completed in 4ms
232 timing idealTree:node_modules/mime Completed in 0ms
233 timing idealTree:node_modules/serve-static Completed in 0ms
234 timing idealTree:node_modules/setprototypeof Completed in 0ms
235 silly placeDep ROOT call-bind@1.0.5 OK for: side-channel@1.0.4 want: ^1.0.0
236 silly placeDep ROOT get-intrinsic@1.2.2 OK for: side-channel@1.0.4 want: ^1.0.2
237 silly placeDep ROOT object-inspect@1.13.1 OK for: side-channel@1.0.4 want: ^1.9.0
238 silly fetch manifest function-bind@^1.1.2
239 silly fetch manifest set-function-length@^1.1.1
240 silly fetch manifest has-proto@^1.0.1
241 silly fetch manifest has-symbols@^1.0.3
242 silly fetch manifest hasown@^2.0.0
243 http fetch GET 200 https://registry.npmjs.org/set-function-length 57ms (cache miss)
244 http fetch GET 200 https://registry.npmjs.org/hasown 51ms (cache miss)
245 http fetch GET 200 https://registry.npmjs.org/has-proto 58ms (cache miss)
246 http fetch GET 200 https://registry.npmjs.org/has-symbols 53ms (cache miss)
247 http fetch GET 200 https://registry.npmjs.org/function-bind 61ms (cache miss)
248 timing idealTree:node_modules/side-channel Completed in 75ms
249 silly placeDep ROOT function-bind@1.1.2 OK for: call-bind@1.0.5 want: ^1.1.2
250 silly placeDep ROOT set-function-length@1.2.0 OK for: call-bind@1.0.5 want: ^1.1.1
251 silly fetch manifest define-data-property@^1.1.1
252 silly fetch manifest gopd@^1.0.1
253 silly fetch manifest has-property-descriptors@^1.0.1
254 http fetch GET 200 https://registry.npmjs.org/has-property-descriptors 32ms (cache miss)
255 http fetch GET 200 https://registry.npmjs.org/gopd 35ms (cache miss)
256 http fetch GET 200 https://registry.npmjs.org/define-data-property 35ms (cache miss)
257 timing idealTree:node_modules/call-bind Completed in 39ms
258 timing idealTree:node_modules/function-bind Completed in 0ms
259 silly placeDep ROOT has-proto@1.0.1 OK for: get-intrinsic@1.2.2 want: ^1.0.1
260 silly placeDep ROOT has-symbols@1.0.3 OK for: get-intrinsic@1.2.2 want: ^1.0.3
261 silly placeDep ROOT hasown@2.0.0 OK for: get-intrinsic@1.2.2 want: ^2.0.0
262 timing idealTree:node_modules/get-intrinsic Completed in 4ms
263 timing idealTree:node_modules/has-proto Completed in 0ms
264 timing idealTree:node_modules/has-symbols Completed in 0ms
265 timing idealTree:node_modules/hasown Completed in 0ms
266 timing idealTree:node_modules/object-inspect Completed in 0ms
267 silly placeDep ROOT define-data-property@1.1.1 OK for: set-function-length@1.2.0 want: ^1.1.1
268 silly placeDep ROOT gopd@1.0.1 OK for: set-function-length@1.2.0 want: ^1.0.1
269 silly placeDep ROOT has-property-descriptors@1.0.1 OK for: set-function-length@1.2.0 want: ^1.0.1
270 timing idealTree:node_modules/set-function-length Completed in 4ms
271 timing idealTree:node_modules/define-data-property Completed in 0ms
272 timing idealTree:node_modules/gopd Completed in 0ms
273 timing idealTree:node_modules/has-property-descriptors Completed in 0ms
274 timing idealTree:node_modules/statuses Completed in 0ms
275 timing idealTree:node_modules/toidentifier Completed in 0ms
276 silly placeDep ROOT media-typer@0.3.0 OK for: type-is@1.6.18 want: 0.3.0
277 timing idealTree:node_modules/type-is Completed in 1ms
278 timing idealTree:node_modules/media-typer Completed in 0ms
279 timing idealTree:node_modules/unpipe Completed in 0ms
280 timing idealTree:node_modules/utils-merge Completed in 0ms
281 timing idealTree:node_modules/vary Completed in 0ms
282 timing idealTree:node_modules/send/node_modules/ms Completed in 0ms
283 timing idealTree:buildDeps Completed in 968ms
284 timing idealTree:fixDepFlags Completed in 2ms
285 timing idealTree Completed in 992ms
286 timing reify:loadTrees Completed in 993ms
287 timing reify:diffTrees Completed in 4ms
288 silly reify moves {}
289 timing reify:retireShallow Completed in 1ms
290 timing reify:createSparse Completed in 16ms
291 timing reify:loadBundles Completed in 0ms
292 silly audit bulk request {
292 silly audit   express: [ '4.18.2' ],
292 silly audit   accepts: [ '1.3.8' ],
292 silly audit   'array-flatten': [ '1.1.1' ],
292 silly audit   'body-parser': [ '1.20.1' ],
292 silly audit   'content-disposition': [ '0.5.4' ],
292 silly audit   'content-type': [ '1.0.5' ],
292 silly audit   cookie: [ '0.5.0' ],
292 silly audit   'cookie-signature': [ '1.0.6' ],
292 silly audit   debug: [ '2.6.9' ],
292 silly audit   depd: [ '2.0.0' ],
292 silly audit   encodeurl: [ '1.0.2' ],
292 silly audit   'escape-html': [ '1.0.3' ],
292 silly audit   etag: [ '1.8.1' ],
292 silly audit   finalhandler: [ '1.2.0' ],
292 silly audit   fresh: [ '0.5.2' ],
292 silly audit   'http-errors': [ '2.0.0' ],
292 silly audit   'merge-descriptors': [ '1.0.1' ],
292 silly audit   methods: [ '1.1.2' ],
292 silly audit   'on-finished': [ '2.4.1' ],
292 silly audit   parseurl: [ '1.3.3' ],
292 silly audit   'path-to-regexp': [ '0.1.7' ],
292 silly audit   'proxy-addr': [ '2.0.7' ],
292 silly audit   qs: [ '6.11.0' ],
292 silly audit   'range-parser': [ '1.2.1' ],
292 silly audit   'safe-buffer': [ '5.2.1' ],
292 silly audit   send: [ '0.18.0' ],
292 silly audit   'serve-static': [ '1.15.0' ],
292 silly audit   setprototypeof: [ '1.2.0' ],
292 silly audit   statuses: [ '2.0.1' ],
292 silly audit   'type-is': [ '1.6.18' ],
292 silly audit   'utils-merge': [ '1.0.1' ],
292 silly audit   vary: [ '1.1.2' ],
292 silly audit   'mime-types': [ '2.1.35' ],
292 silly audit   negotiator: [ '0.6.3' ],
292 silly audit   bytes: [ '3.1.2' ],
292 silly audit   destroy: [ '1.2.0' ],
292 silly audit   'iconv-lite': [ '0.4.24' ],
292 silly audit   'raw-body': [ '2.5.1' ],
292 silly audit   unpipe: [ '1.0.0' ],
292 silly audit   ms: [ '2.0.0', '2.1.3' ],
292 silly audit   inherits: [ '2.0.4' ],
292 silly audit   toidentifier: [ '1.0.1' ],
292 silly audit   'safer-buffer': [ '2.1.2' ],
292 silly audit   'mime-db': [ '1.52.0' ],
292 silly audit   'ee-first': [ '1.1.1' ],
292 silly audit   forwarded: [ '0.2.0' ],
292 silly audit   'ipaddr.js': [ '1.9.1' ],
292 silly audit   'side-channel': [ '1.0.4' ],
292 silly audit   mime: [ '1.6.0' ],
292 silly audit   'call-bind': [ '1.0.5' ],
292 silly audit   'get-intrinsic': [ '1.2.2' ],
292 silly audit   'object-inspect': [ '1.13.1' ],
292 silly audit   'function-bind': [ '1.1.2' ],
292 silly audit   'set-function-length': [ '1.2.0' ],
292 silly audit   'has-proto': [ '1.0.1' ],
292 silly audit   'has-symbols': [ '1.0.3' ],
292 silly audit   hasown: [ '2.0.0' ],
292 silly audit   'define-data-property': [ '1.1.1' ],
292 silly audit   gopd: [ '1.0.1' ],
292 silly audit   'has-property-descriptors': [ '1.0.1' ],
292 silly audit   'media-typer': [ '0.3.0' ]
292 silly audit }
293 silly tarball no local data for media-typer@https://registry.npmjs.org/media-typer/-/media-typer-0.3.0.tgz. Extracting by manifest.
294 silly tarball no local data for has-property-descriptors@https://registry.npmjs.org/has-property-descriptors/-/has-property-descriptors-1.0.1.tgz. Extracting by manifest.
295 silly tarball no local data for gopd@https://registry.npmjs.org/gopd/-/gopd-1.0.1.tgz. Extracting by manifest.
296 silly tarball no local data for define-data-property@https://registry.npmjs.org/define-data-property/-/define-data-property-1.1.1.tgz. Extracting by manifest.
297 silly tarball no local data for hasown@https://registry.npmjs.org/hasown/-/hasown-2.0.0.tgz. Extracting by manifest.
298 silly tarball no local data for has-symbols@https://registry.npmjs.org/has-symbols/-/has-symbols-1.0.3.tgz. Extracting by manifest.
299 silly tarball no local data for has-proto@https://registry.npmjs.org/has-proto/-/has-proto-1.0.1.tgz. Extracting by manifest.
300 silly tarball no local data for set-function-length@https://registry.npmjs.org/set-function-length/-/set-function-length-1.2.0.tgz. Extracting by manifest.
301 silly tarball no local data for function-bind@https://registry.npmjs.org/function-bind/-/function-bind-1.1.2.tgz. Extracting by manifest.
302 silly tarball no local data for object-inspect@https://registry.npmjs.org/object-inspect/-/object-inspect-1.13.1.tgz. Extracting by manifest.
303 silly tarball no local data for get-intrinsic@https://registry.npmjs.org/get-intrinsic/-/get-intrinsic-1.2.2.tgz. Extracting by manifest.
304 silly tarball no local data for call-bind@https://registry.npmjs.org/call-bind/-/call-bind-1.0.5.tgz. Extracting by manifest.
305 silly tarball no local data for mime@https://registry.npmjs.org/mime/-/mime-1.6.0.tgz. Extracting by manifest.
306 silly tarball no local data for side-channel@https://registry.npmjs.org/side-channel/-/side-channel-1.0.4.tgz. Extracting by manifest.
307 silly tarball no local data for ipaddr.js@https://registry.npmjs.org/ipaddr.js/-/ipaddr.js-1.9.1.tgz. Extracting by manifest.
308 silly tarball no local data for forwarded@https://registry.npmjs.org/forwarded/-/forwarded-0.2.0.tgz. Extracting by manifest.
309 silly tarball no local data for ee-first@https://registry.npmjs.org/ee-first/-/ee-first-1.1.1.tgz. Extracting by manifest.
310 silly tarball no local data for mime-db@https://registry.npmjs.org/mime-db/-/mime-db-1.52.0.tgz. Extracting by manifest.
311 silly tarball no local data for safer-buffer@https://registry.npmjs.org/safer-buffer/-/safer-buffer-2.1.2.tgz. Extracting by manifest.
312 silly tarball no local data for toidentifier@https://registry.npmjs.org/toidentifier/-/toidentifier-1.0.1.tgz. Extracting by manifest.
313 silly tarball no local data for inherits@https://registry.npmjs.org/inherits/-/inherits-2.0.4.tgz. Extracting by manifest.
314 silly tarball no local data for ms@https://registry.npmjs.org/ms/-/ms-2.0.0.tgz. Extracting by manifest.
315 silly tarball no local data for unpipe@https://registry.npmjs.org/unpipe/-/unpipe-1.0.0.tgz. Extracting by manifest.
316 silly tarball no local data for raw-body@https://registry.npmjs.org/raw-body/-/raw-body-2.5.1.tgz. Extracting by manifest.
317 silly tarball no local data for iconv-lite@https://registry.npmjs.org/iconv-lite/-/iconv-lite-0.4.24.tgz. Extracting by manifest.
318 silly tarball no local data for destroy@https://registry.npmjs.org/destroy/-/destroy-1.2.0.tgz. Extracting by manifest.
319 silly tarball no local data for bytes@https://registry.npmjs.org/bytes/-/bytes-3.1.2.tgz. Extracting by manifest.
320 silly tarball no local data for negotiator@https://registry.npmjs.org/negotiator/-/negotiator-0.6.3.tgz. Extracting by manifest.
321 silly tarball no local data for mime-types@https://registry.npmjs.org/mime-types/-/mime-types-2.1.35.tgz. Extracting by manifest.
322 silly tarball no local data for vary@https://registry.npmjs.org/vary/-/vary-1.1.2.tgz. Extracting by manifest.
323 silly tarball no local data for utils-merge@https://registry.npmjs.org/utils-merge/-/utils-merge-1.0.1.tgz. Extracting by manifest.
324 silly tarball no local data for type-is@https://registry.npmjs.org/type-is/-/type-is-1.6.18.tgz. Extracting by manifest.
325 silly tarball no local data for statuses@https://registry.npmjs.org/statuses/-/statuses-2.0.1.tgz. Extracting by manifest.
326 silly tarball no local data for setprototypeof@https://registry.npmjs.org/setprototypeof/-/setprototypeof-1.2.0.tgz. Extracting by manifest.
327 silly tarball no local data for serve-static@https://registry.npmjs.org/serve-static/-/serve-static-1.15.0.tgz. Extracting by manifest.
328 silly tarball no local data for send@https://registry.npmjs.org/send/-/send-0.18.0.tgz. Extracting by manifest.
329 silly tarball no local data for safe-buffer@https://registry.npmjs.org/safe-buffer/-/safe-buffer-5.2.1.tgz. Extracting by manifest.
330 silly tarball no local data for range-parser@https://registry.npmjs.org/range-parser/-/range-parser-1.2.1.tgz. Extracting by manifest.
331 silly tarball no local data for qs@https://registry.npmjs.org/qs/-/qs-6.11.0.tgz. Extracting by manifest.
332 silly tarball no local data for proxy-addr@https://registry.npmjs.org/proxy-addr/-/proxy-addr-2.0.7.tgz. Extracting by manifest.
333 silly tarball no local data for path-to-regexp@https://registry.npmjs.org/path-to-regexp/-/path-to-regexp-0.1.7.tgz. Extracting by manifest.
334 silly tarball no local data for parseurl@https://registry.npmjs.org/parseurl/-/parseurl-1.3.3.tgz. Extracting by manifest.
335 silly tarball no local data for on-finished@https://registry.npmjs.org/on-finished/-/on-finished-2.4.1.tgz. Extracting by manifest.
336 silly tarball no local data for methods@https://registry.npmjs.org/methods/-/methods-1.1.2.tgz. Extracting by manifest.
337 silly tarball no local data for merge-descriptors@https://registry.npmjs.org/merge-descriptors/-/merge-descriptors-1.0.1.tgz. Extracting by manifest.
338 silly tarball no local data for http-errors@https://registry.npmjs.org/http-errors/-/http-errors-2.0.0.tgz. Extracting by manifest.
339 silly tarball no local data for fresh@https://registry.npmjs.org/fresh/-/fresh-0.5.2.tgz. Extracting by manifest.
340 silly tarball no local data for finalhandler@https://registry.npmjs.org/finalhandler/-/finalhandler-1.2.0.tgz. Extracting by manifest.
341 silly tarball no local data for etag@https://registry.npmjs.org/etag/-/etag-1.8.1.tgz. Extracting by manifest.
342 silly tarball no local data for escape-html@https://registry.npmjs.org/escape-html/-/escape-html-1.0.3.tgz. Extracting by manifest.
343 silly tarball no local data for encodeurl@https://registry.npmjs.org/encodeurl/-/encodeurl-1.0.2.tgz. Extracting by manifest.
344 silly tarball no local data for depd@https://registry.npmjs.org/depd/-/depd-2.0.0.tgz. Extracting by manifest.
345 silly tarball no local data for debug@https://registry.npmjs.org/debug/-/debug-2.6.9.tgz. Extracting by manifest.
346 silly tarball no local data for cookie-signature@https://registry.npmjs.org/cookie-signature/-/cookie-signature-1.0.6.tgz. Extracting by manifest.
347 silly tarball no local data for cookie@https://registry.npmjs.org/cookie/-/cookie-0.5.0.tgz. Extracting by manifest.
348 silly tarball no local data for content-type@https://registry.npmjs.org/content-type/-/content-type-1.0.5.tgz. Extracting by manifest.
349 silly tarball no local data for content-disposition@https://registry.npmjs.org/content-disposition/-/content-disposition-0.5.4.tgz. Extracting by manifest.
350 silly tarball no local data for body-parser@https://registry.npmjs.org/body-parser/-/body-parser-1.20.1.tgz. Extracting by manifest.
351 silly tarball no local data for array-flatten@https://registry.npmjs.org/array-flatten/-/array-flatten-1.1.1.tgz. Extracting by manifest.
352 silly tarball no local data for accepts@https://registry.npmjs.org/accepts/-/accepts-1.3.8.tgz. Extracting by manifest.
353 silly tarball no local data for express@https://registry.npmjs.org/express/-/express-4.18.2.tgz. Extracting by manifest.
354 silly tarball no local data for ms@https://registry.npmjs.org/ms/-/ms-2.1.3.tgz. Extracting by manifest.
355 http fetch POST 200 https://registry.npmjs.org/-/npm/v1/security/advisories/bulk 679ms
356 timing auditReport:getReport Completed in 682ms
357 silly audit report {}
358 timing auditReport:init Completed in 0ms
359 timing reify:audit Completed in 684ms
360 http fetch GET 200 https://registry.npmjs.org/ee-first/-/ee-first-1.1.1.tgz 975ms (cache miss)
361 timing reifyNode:node_modules/ee-first Completed in 1193ms
362 http fetch GET 200 https://registry.npmjs.org/has-property-descriptors/-/has-property-descriptors-1.0.1.tgz 1128ms (cache miss)
363 timing reifyNode:node_modules/has-property-descriptors Completed in 1213ms
364 http fetch GET 200 https://registry.npmjs.org/on-finished/-/on-finished-2.4.1.tgz 793ms (cache miss)
365 timing reifyNode:node_modules/on-finished Completed in 1215ms
366 http fetch GET 200 https://registry.npmjs.org/forwarded/-/forwarded-0.2.0.tgz 1057ms (cache miss)
367 timing reifyNode:node_modules/forwarded Completed in 1270ms
368 http fetch GET 200 https://registry.npmjs.org/safer-buffer/-/safer-buffer-2.1.2.tgz 1048ms (cache miss)
369 timing reifyNode:node_modules/safer-buffer Completed in 1276ms
370 http fetch GET 200 https://registry.npmjs.org/inherits/-/inherits-2.0.4.tgz 1046ms (cache miss)
371 timing reifyNode:node_modules/inherits Completed in 1284ms
372 http fetch GET 200 https://registry.npmjs.org/utils-merge/-/utils-merge-1.0.1.tgz 979ms (cache miss)
373 timing reifyNode:node_modules/utils-merge Completed in 1306ms
374 http fetch GET 200 https://registry.npmjs.org/statuses/-/statuses-2.0.1.tgz 973ms (cache miss)
375 timing reifyNode:node_modules/statuses Completed in 1310ms
376 http fetch GET 200 https://registry.npmjs.org/content-type/-/content-type-1.0.5.tgz 765ms (cache miss)
377 timing reifyNode:node_modules/content-type Completed in 1319ms
378 http fetch GET 200 https://registry.npmjs.org/path-to-regexp/-/path-to-regexp-0.1.7.tgz 915ms (cache miss)
379 timing reifyNode:node_modules/path-to-regexp Completed in 1328ms
380 http fetch GET 200 https://registry.npmjs.org/parseurl/-/parseurl-1.3.3.tgz 917ms (cache miss)
381 timing reifyNode:node_modules/parseurl Completed in 1334ms
382 http fetch GET 200 https://registry.npmjs.org/vary/-/vary-1.1.2.tgz 1016ms (cache miss)
383 timing reifyNode:node_modules/vary Completed in 1338ms
384 http fetch GET 200 https://registry.npmjs.org/toidentifier/-/toidentifier-1.0.1.tgz 1115ms (cache miss)
385 timing reifyNode:node_modules/toidentifier Completed in 1348ms
386 http fetch GET 200 https://registry.npmjs.org/destroy/-/destroy-1.2.0.tgz 1089ms (cache miss)
387 timing reifyNode:node_modules/destroy Completed in 1355ms
388 http fetch GET 200 https://registry.npmjs.org/escape-html/-/escape-html-1.0.3.tgz 871ms (cache miss)
389 timing reifyNode:node_modules/escape-html Completed in 1361ms
390 http fetch GET 200 https://registry.npmjs.org/encodeurl/-/encodeurl-1.0.2.tgz 871ms (cache miss)
391 timing reifyNode:node_modules/encodeurl Completed in 1366ms
392 http fetch GET 200 https://registry.npmjs.org/fresh/-/fresh-0.5.2.tgz 933ms (cache miss)
393 timing reifyNode:node_modules/fresh Completed in 1407ms
394 http fetch GET 200 https://registry.npmjs.org/cookie-signature/-/cookie-signature-1.0.6.tgz 908ms (cache miss)
395 timing reifyNode:node_modules/cookie-signature Completed in 1417ms
396 http fetch GET 200 https://registry.npmjs.org/media-typer/-/media-typer-0.3.0.tgz 1358ms (cache miss)
397 timing reifyNode:node_modules/media-typer Completed in 1438ms
398 http fetch GET 200 https://registry.npmjs.org/ipaddr.js/-/ipaddr.js-1.9.1.tgz 1245ms (cache miss)
399 timing reifyNode:node_modules/ipaddr.js Completed in 1443ms
400 http fetch GET 200 https://registry.npmjs.org/array-flatten/-/array-flatten-1.1.1.tgz 879ms (cache miss)
401 timing reifyNode:node_modules/array-flatten Completed in 1447ms
402 http fetch GET 200 https://registry.npmjs.org/ms/-/ms-2.1.3.tgz 870ms (cache miss)
403 timing reifyNode:node_modules/send/node_modules/ms Completed in 1457ms
404 http fetch GET 200 https://registry.npmjs.org/ms/-/ms-2.0.0.tgz 1224ms (cache miss)
405 timing reifyNode:node_modules/ms Completed in 1466ms
406 http fetch GET 200 https://registry.npmjs.org/type-is/-/type-is-1.6.18.tgz 1137ms (cache miss)
407 timing reifyNode:node_modules/type-is Completed in 1469ms
408 http fetch GET 200 https://registry.npmjs.org/mime-types/-/mime-types-2.1.35.tgz 1157ms (cache miss)
409 timing reifyNode:node_modules/mime-types Completed in 1474ms
410 http fetch GET 200 https://registry.npmjs.org/bytes/-/bytes-3.1.2.tgz 1172ms (cache miss)
411 timing reifyNode:node_modules/bytes Completed in 1480ms
412 http fetch GET 200 https://registry.npmjs.org/safe-buffer/-/safe-buffer-5.2.1.tgz 1093ms (cache miss)
413 timing reifyNode:node_modules/safe-buffer Completed in 1485ms
414 http fetch GET 200 https://registry.npmjs.org/range-parser/-/range-parser-1.2.1.tgz 1128ms (cache miss)
415 timing reifyNode:node_modules/range-parser Completed in 1525ms
416 http fetch GET 200 https://registry.npmjs.org/etag/-/etag-1.8.1.tgz 1046ms (cache miss)
417 timing reifyNode:node_modules/etag Completed in 1532ms
418 http fetch GET 200 https://registry.npmjs.org/has-proto/-/has-proto-1.0.1.tgz 1444ms (cache miss)
419 timing reifyNode:node_modules/has-proto Completed in 1554ms
420 http fetch GET 200 https://registry.npmjs.org/serve-static/-/serve-static-1.15.0.tgz 1209ms (cache miss)
421 timing reifyNode:node_modules/serve-static Completed in 1558ms
422 http fetch GET 200 https://registry.npmjs.org/methods/-/methods-1.1.2.tgz 1136ms (cache miss)
423 timing reifyNode:node_modules/methods Completed in 1563ms
424 http fetch GET 200 https://registry.npmjs.org/gopd/-/gopd-1.0.1.tgz 1480ms (cache miss)
425 timing reifyNode:node_modules/gopd Completed in 1571ms
426 http fetch GET 200 https://registry.npmjs.org/side-channel/-/side-channel-1.0.4.tgz 1391ms (cache miss)
427 timing reifyNode:node_modules/side-channel Completed in 1577ms
428 http fetch GET 200 https://registry.npmjs.org/unpipe/-/unpipe-1.0.0.tgz 1331ms (cache miss)
429 timing reifyNode:node_modules/unpipe Completed in 1580ms
430 http fetch GET 200 https://registry.npmjs.org/depd/-/depd-2.0.0.tgz 1085ms (cache miss)
431 timing reifyNode:node_modules/depd Completed in 1585ms
432 http fetch GET 200 https://registry.npmjs.org/negotiator/-/negotiator-0.6.3.tgz 1282ms (cache miss)
433 timing reifyNode:node_modules/negotiator Completed in 1594ms
434 http fetch GET 200 https://registry.npmjs.org/finalhandler/-/finalhandler-1.2.0.tgz 1119ms (cache miss)
435 timing reifyNode:node_modules/finalhandler Completed in 1598ms
436 http fetch GET 200 https://registry.npmjs.org/accepts/-/accepts-1.3.8.tgz 1068ms (cache miss)
437 timing reifyNode:node_modules/accepts Completed in 1641ms
438 http fetch GET 200 https://registry.npmjs.org/get-intrinsic/-/get-intrinsic-1.2.2.tgz 1489ms (cache miss)
439 timing reifyNode:node_modules/get-intrinsic Completed in 1652ms
440 http fetch GET 200 https://registry.npmjs.org/proxy-addr/-/proxy-addr-2.0.7.tgz 1251ms (cache miss)
441 timing reifyNode:node_modules/proxy-addr Completed in 1658ms
442 http fetch GET 200 https://registry.npmjs.org/send/-/send-0.18.0.tgz 1309ms (cache miss)
443 timing reifyNode:node_modules/send Completed in 1661ms
444 http fetch GET 200 https://registry.npmjs.org/define-data-property/-/define-data-property-1.1.1.tgz 1575ms (cache miss)
445 timing reifyNode:node_modules/define-data-property Completed in 1670ms
446 http fetch GET 200 https://registry.npmjs.org/raw-body/-/raw-body-2.5.1.tgz 1421ms (cache miss)
447 timing reifyNode:node_modules/raw-body Completed in 1675ms
448 http fetch GET 200 https://registry.npmjs.org/http-errors/-/http-errors-2.0.0.tgz 1213ms (cache miss)
449 timing reifyNode:node_modules/http-errors Completed in 1678ms
450 http fetch GET 200 https://registry.npmjs.org/cookie/-/cookie-0.5.0.tgz 1169ms (cache miss)
451 timing reifyNode:node_modules/cookie Completed in 1683ms
452 http fetch GET 200 https://registry.npmjs.org/setprototypeof/-/setprototypeof-1.2.0.tgz 1378ms (cache miss)
453 timing reifyNode:node_modules/setprototypeof Completed in 1721ms
454 http fetch GET 200 https://registry.npmjs.org/content-disposition/-/content-disposition-0.5.4.tgz 1172ms (cache miss)
455 timing reifyNode:node_modules/content-disposition Completed in 1729ms
456 http fetch GET 200 https://registry.npmjs.org/hasown/-/hasown-2.0.0.tgz 1650ms (cache miss)
457 timing reifyNode:node_modules/hasown Completed in 1750ms
458 http fetch GET 200 https://registry.npmjs.org/set-function-length/-/set-function-length-1.2.0.tgz 1637ms (cache miss)
459 timing reifyNode:node_modules/set-function-length Completed in 1753ms
460 http fetch GET 200 https://registry.npmjs.org/call-bind/-/call-bind-1.0.5.tgz 1593ms (cache miss)
461 timing reifyNode:node_modules/call-bind Completed in 1764ms
462 http fetch GET 200 https://registry.npmjs.org/function-bind/-/function-bind-1.1.2.tgz 1650ms (cache miss)
463 timing reifyNode:node_modules/function-bind Completed in 1771ms
464 http fetch GET 200 https://registry.npmjs.org/has-symbols/-/has-symbols-1.0.3.tgz 1676ms (cache miss)
465 timing reifyNode:node_modules/has-symbols Completed in 1780ms
466 http fetch GET 200 https://registry.npmjs.org/merge-descriptors/-/merge-descriptors-1.0.1.tgz 1351ms (cache miss)
467 timing reifyNode:node_modules/merge-descriptors Completed in 1782ms
468 http fetch GET 200 https://registry.npmjs.org/mime-db/-/mime-db-1.52.0.tgz 1568ms (cache miss)
469 timing reifyNode:node_modules/mime-db Completed in 1790ms
470 http fetch GET 200 https://registry.npmjs.org/mime/-/mime-1.6.0.tgz 1621ms (cache miss)
471 timing reifyNode:node_modules/mime Completed in 1798ms
472 http fetch GET 200 https://registry.npmjs.org/debug/-/debug-2.6.9.tgz 1334ms (cache miss)
473 timing reifyNode:node_modules/debug Completed in 1839ms
474 http fetch GET 200 https://registry.npmjs.org/body-parser/-/body-parser-1.20.1.tgz 1280ms (cache miss)
475 timing reifyNode:node_modules/body-parser Completed in 1842ms
476 http fetch GET 200 https://registry.npmjs.org/express/-/express-4.18.2.tgz 1280ms (cache miss)
477 timing reifyNode:node_modules/express Completed in 1858ms
478 http fetch GET 200 https://registry.npmjs.org/qs/-/qs-6.11.0.tgz 1461ms (cache miss)
479 timing reifyNode:node_modules/qs Completed in 1864ms
480 http fetch GET 200 https://registry.npmjs.org/object-inspect/-/object-inspect-1.13.1.tgz 1724ms (cache miss)
481 timing reifyNode:node_modules/object-inspect Completed in 1878ms
482 http fetch GET 200 https://registry.npmjs.org/iconv-lite/-/iconv-lite-0.4.24.tgz 1626ms (cache miss)
483 timing reifyNode:node_modules/iconv-lite Completed in 1885ms
484 timing reify:unpack Completed in 1888ms
485 timing reify:unretire Completed in 1ms
486 timing build:queue Completed in 5ms
487 timing build:link:node_modules/mime Completed in 3ms
488 timing build:link Completed in 3ms
489 timing build:deps Completed in 8ms
490 timing build Completed in 8ms
491 timing reify:build Completed in 8ms
492 timing reify:trash Completed in 0ms
493 timing reify:save Completed in 56ms
494 timing reify Completed in 3025ms
495 silly ADD node_modules/media-typer
496 silly ADD node_modules/has-property-descriptors
497 silly ADD node_modules/gopd
498 silly ADD node_modules/define-data-property
499 silly ADD node_modules/hasown
500 silly ADD node_modules/has-symbols
501 silly ADD node_modules/has-proto
502 silly ADD node_modules/set-function-length
503 silly ADD node_modules/function-bind
504 silly ADD node_modules/object-inspect
505 silly ADD node_modules/get-intrinsic
506 silly ADD node_modules/call-bind
507 silly ADD node_modules/mime
508 silly ADD node_modules/side-channel
509 silly ADD node_modules/ipaddr.js
510 silly ADD node_modules/forwarded
511 silly ADD node_modules/ee-first
512 silly ADD node_modules/mime-db
513 silly ADD node_modules/safer-buffer
514 silly ADD node_modules/toidentifier
515 silly ADD node_modules/inherits
516 silly ADD node_modules/ms
517 silly ADD node_modules/unpipe
518 silly ADD node_modules/raw-body
519 silly ADD node_modules/iconv-lite
520 silly ADD node_modules/destroy
521 silly ADD node_modules/bytes
522 silly ADD node_modules/negotiator
523 silly ADD node_modules/mime-types
524 silly ADD node_modules/vary
525 silly ADD node_modules/utils-merge
526 silly ADD node_modules/type-is
527 silly ADD node_modules/statuses
528 silly ADD node_modules/setprototypeof
529 silly ADD node_modules/serve-static
530 silly ADD node_modules/send
531 silly ADD node_modules/send/node_modules/ms
532 silly ADD node_modules/safe-buffer
533 silly ADD node_modules/range-parser
534 silly ADD node_modules/qs
535 silly ADD node_modules/proxy-addr
536 silly ADD node_modules/path-to-regexp
537 silly ADD node_modules/parseurl
538 silly ADD node_modules/on-finished
539 silly ADD node_modules/methods
540 silly ADD node_modules/merge-descriptors
541 silly ADD node_modules/http-errors
542 silly ADD node_modules/fresh
543 silly ADD node_modules/finalhandler
544 silly ADD node_modules/etag
545 silly ADD node_modules/escape-html
546 silly ADD node_modules/encodeurl
547 silly ADD node_modules/depd
548 silly ADD node_modules/debug
549 silly ADD node_modules/cookie-signature
550 silly ADD node_modules/cookie
551 silly ADD node_modules/content-type
552 silly ADD node_modules/content-disposition
553 silly ADD node_modules/body-parser
554 silly ADD node_modules/array-flatten
555 silly ADD node_modules/accepts
556 silly ADD node_modules/express
557 timing command:i Completed in 3035ms
558 notice
558 notice New [31mmajor[39m version of npm available! [31m8.5.5[39m -> [32m10.3.0[39m
558 notice Changelog: [36mhttps://github.com/npm/cli/releases/tag/v10.3.0[39m
558 notice Run [32mnpm install -g npm@10.3.0[39m to update!
558 notice
559 verbose exit 0
560 timing npm Completed in 3307ms
561 info ok
